[0902/202839:ERROR:process_reader_win.cc(142)] SuspendThread: 拒绝访问。 (0x5)
[0902/202839:ERROR:process_reader_win.cc(233)] ReadMemory at 0xfb80000 of 64 bytes failed: 仅完成部分的 ReadProcessMemory 或 WriteProcessMemory 请求。 (0x12B)
[0902/202839:WARNING:pe_image_reader.cc(281)] could not read dos header from C:\Program Files (x86)\Google\Chrome\Application\52.0.2743.116\chrome_child.dll
[0902/202839:ERROR:exception_snapshot_win.cc(88)] thread ID 6524 not found in process
[0902/202839:WARNING:crash_report_exception_handler.cc(60)] ProcessSnapshotWin::InitializeException failed
[0902/202839:ERROR:scoped_process_suspend.cc(38)] NtResumeProcess, ntstatus=-1073741558
[0902/214533:ERROR:process_reader_win.cc(233)] ReadMemory at 0x10f3000 of 53248 bytes failed: 仅完成部分的 ReadProcessMemory 或 WriteProcessMemory 请求。 (0x12B)
[0902/214533:ERROR:crash_report_exception_handler.cc(102)] WriteEverything failed
[0902/214533:ERROR:scoped_process_suspend.cc(38)] NtResumeProcess, ntstatus=-1073741558
[0902/222035:ERROR:process_reader_win.cc(233)] ReadMemory at 0xaf4000 of 49152 bytes failed: 仅完成部分的 ReadProcessMemory 或 WriteProcessMemory 请求。 (0x12B)
[0902/222035:ERROR:crash_report_exception_handler.cc(102)] WriteEverything failed
[0902/222035:ERROR:scoped_process_suspend.cc(38)] NtResumeProcess, ntstatus=-1073741558
[0903/002557:ERROR:process_reader_win.cc(142)] SuspendThread: 拒绝访问。 (0x5)
[0903/002557:ERROR:process_reader_win.cc(142)] SuspendThread: 拒绝访问。 (0x5)
[0903/002557:ERROR:process_reader_win.cc(142)] SuspendThread: 拒绝访问。 (0x5)
[0903/002557:ERROR:process_reader_win.cc(142)] SuspendThread: 拒绝访问。 (0x5)
[0903/002557:ERROR:process_reader_win.cc(142)] SuspendThread: 拒绝访问。 (0x5)
[0903/002557:ERROR:process_reader_win.cc(142)] SuspendThread: 拒绝访问。 (0x5)
[0903/002557:ERROR:process_reader_win.cc(142)] SuspendThread: 拒绝访问。 (0x5)
[0903/002557:ERROR:process_reader_win.cc(142)] SuspendThread: 拒绝访问。 (0x5)
[0903/002557:ERROR:process_reader_win.cc(142)] SuspendThread: 拒绝访问。 (0x5)
[0903/002557:ERROR:exception_snapshot_win.cc(88)] thread ID 8060 not found in process
[0903/002557:WARNING:crash_report_exception_handler.cc(60)] ProcessSnapshotWin::InitializeException failed
